
> mauriciozanin-hub@1.0.0 prebuild
> node scripts/pre-build.js

✅ Variáveis de build geradas:
   Versão: V1.0.000
   Build: 92cface
   Ambiente: development
   Data: 2026-02-03T23:48:27.230Z

> mauriciozanin-hub@1.0.0 build
> next build

⚠ Invalid next.config.js options detected: 
⚠     Unrecognized key(s) in object: 'outputFileTracingExcludes' at "experimental"
⚠ See more info here: https://nextjs.org/docs/messages/invalid-next-config
⚠ `experimental.outputFileTracingExcludes` has been moved to `outputFileTracingExcludes`. Please update your next.config.js file accordingly.
▲ Next.js 16.1.6 (Turbopack)
- Environments: .env.local, .env
- Experiments (use with caution):
  ? outputFileTracingExcludes (invalid experimental key)

⚠ The "middleware" file convention is deprecated. Please use "proxy" instead. Learn more: https://nextjs.org/docs/messages/middleware-to-proxy
  Creating an optimized production build ...
✓ Compiled successfully in 2.8s
  Running TypeScript ...
  Collecting page data using 11 workers ...
[Storage] Credenciais R2 incompletas. Uploads falharão. Verifique R2_ACCOUNT_ID, R2_ACCESS_KEY_ID, R2_SECRET_ACCESS_KEY, R2_BUCKET_NAME.
  Generating static pages using 11 workers (0/75) ...
  Generating static pages using 11 workers (18/75) 
  Generating static pages using 11 workers (37/75) 
[Storage] Credenciais R2 incompletas. Uploads falharão. Verifique R2_ACCOUNT_ID, R2_ACCESS_KEY_ID, R2_SECRET_ACCESS_KEY, R2_BUCKET_NAME.
  Generating static pages using 11 workers (56/75) 
✓ Generating static pages using 11 workers (75/75) in 1635.9ms
  Finalizing page optimization ...

Route (app)                                        Revalidate  Expire
┌ ○ /                                                      1m      1y
├ ○ /_not-found
├ ○ /admin
├ ○ /admin/midia
├ ○ /admin/produtos
├ ○ /admin/projetos
├ ○ /admin/publicacoes
├ ○ /admin/timeline
├ ○ /admin/usuarios
├ ○ /agenda
├ ○ /ajuda/diagnostico
├ ○ /ajuda/sala
├ ƒ /api/access/log
├ ƒ /api/admin/atestados
├ ƒ /api/admin/atestados/[id]
├ ƒ /api/admin/clients
├ ƒ /api/admin/clients/[id]/units
├ ƒ /api/admin/midia
├ ƒ /api/admin/midia/[id]
├ ƒ /api/admin/products
├ ƒ /api/admin/products/[id]
├ ƒ /api/admin/projects
├ ƒ /api/admin/projects/[id]
├ ƒ /api/admin/publicacoes
├ ƒ /api/admin/publicacoes/[id]
├ ƒ /api/admin/timeline
├ ƒ /api/admin/timeline/[id]
├ ƒ /api/admin/timeline/auto-approve
├ ƒ /api/admin/users
├ ƒ /api/admin/users/[id]
├ ƒ /api/auth/certificate
├ ƒ /api/auth/certificate/login
├ ƒ /api/auth/certificate/validate
├ ƒ /api/auth/login
├ ƒ /api/auth/logout
├ ƒ /api/auth/magic/consume
├ ƒ /api/auth/register-request
├ ƒ /api/auth/request-magic-link
├ ƒ /api/auth/request-password-reset
├ ƒ /api/auth/reset-password
├ ƒ /api/auth/session
├ ƒ /api/classrooms
├ ƒ /api/classrooms/[id]
├ ƒ /api/classrooms/[id]/poll
├ ƒ /api/classrooms/[id]/resolve-conflict
├ ƒ /api/classrooms/join
├ ƒ /api/classrooms/participants
├ ƒ /api/classrooms/public
├ ƒ /api/clients/public
├ ƒ /api/compartilhe/products
├ ƒ /api/diagnosticos
├ ƒ /api/diagnosticos/[id]
├ ƒ /api/diagnosticos/[id]/consultor
├ ƒ /api/diagnosticos/[id]/marco
├ ƒ /api/diagnosticos/[id]/submit
├ ƒ /api/diagnosticos/[id]/versions
├ ƒ /api/diagnosticos/lookup-cnpj
├ ƒ /api/diagnosticos/ranking
├ ƒ /api/diagnosticos/versions-by-ids
├ ƒ /api/ibge/municipio/[id]
├ ƒ /api/ibge/municipios
├ ƒ /api/linkedin/posts
├ ƒ /api/linkedin/sync
├ ƒ /api/linkedin/webhook
├ ƒ /api/midia
├ ƒ /api/news/search
├ ƒ /api/publicacoes
├ ƒ /api/resources/download
├ ƒ /api/timeline
├ ƒ /api/uploads/avatar
├ ƒ /api/wiki/location
├ ƒ /api/wiki/summary
├ ○ /auth/cadastro
├ ○ /auth/login
├ ○ /auth/magic
├ ○ /auth/request
├ ○ /auth/reset
├ ƒ /clientes
├ ƒ /clientes/[cliente]
├ ƒ /clientes/[cliente]/[unidade]/produtos/[slug]
├ ƒ /clientes/[cliente]/unidades/[unit]
├ ○ /compartilhe
├ ƒ /compartilhe/[slug]
├ ○ /dashboard
├ ○ /diagnostico
├ ƒ /diagnostico/estado/[uf]
├ ○ /diagnostico/imprimir
├ ƒ /diagnostico/municipio/[ibgeId]
├ ƒ /diagnostico/municipio/[ibgeId]/imprimir
├ ƒ /diagnostico/municipio/[ibgeId]/ver
├ ƒ /diagnostico/perguntas
├ ○ /hubs
├ ƒ /hubs/[hub]
├ ○ /inovajuntos
├ ○ /midia
├ ƒ /produtos
├ ƒ /produtos/[slug]
├ ƒ /produtos/[slug]/atestados
├ ○ /projetos
├ ○ /publicacoes
├ ○ /publicacoes/zanin-fgv
├ ○ /relatorios
├ ○ /sala
├ ƒ /sala/[id]
├ ○ /sala/criar
├ ○ /sala/entrar
├ ○ /sobre
└ ƒ /trajetoria


ƒ Proxy (Middleware)

○  (Static)   prerendered as static content
ƒ  (Dynamic)  server-rendered on demand


> mauriciozanin-hub@1.0.0 postbuild
> prisma generate

Environment variables loaded from .env
Prisma schema loaded from prisma/schema.prisma

✔ Generated Prisma Client (v6.19.2) to ./node_modules/@prisma/client in 140ms

Start by importing your Prisma Client (See: https://pris.ly/d/importing-client)

Tip: Need your database queries to be 1000x faster? Accelerate offers you that and more: https://pris.ly/tip-2-accelerate

